Arguments: 
  C:\Program Files\nodejs\node.exe C:\Users\Office\AppData\Roaming\npm\node_modules\yarn\bin\yarn.js install

PATH: 
  C:\Users\Office\bin;C:\Program Files\Git\mingw64\bin;C:\Program Files\Git\usr\local\bin;C:\Program Files\Git\usr\bin;C:\Program Files\Git\usr\bin;C:\Program Files\Git\mingw64\bin;C:\Program Files\Git\usr\bin;C:\Users\Office\bin;C:\Python310\Scripts;C:\Python310;C:\Windows\system32;C:\Windows;C:\Windows\System32\Wbem;C:\Windows\System32\WindowsPowerShell\v1.0;C:\Windows\System32\OpenSSH;C:\Program Files\Microsoft SQL Server\120\DTS\Binn;C:\Program Files\Microsoft SQL Server\Client SDK\ODBC\110\Tools\Binn;C:\Program Files (x86)\Microsoft SQL Server\120\Tools\Binn;C:\Program Files\Microsoft SQL Server\120\Tools\Binn;C:\Program Files (x86)\Microsoft SQL Server\120\Tools\Binn\ManagementStudio;C:\Program Files (x86)\Microsoft SQL Server\120\DTS\Binn;C:\Program Files\Microsoft\Web Platform Installer;C:\Program Files (x86)\Microsoft ASP.NET\ASP.NET Web Pages\v1.0;C:\Program Files\Microsoft SQL Server\110\Tools\Binn;E:\Khaleel\xampp\php;C:\Program Files\nodejs;C:\ProgramData\chocolatey\bin;C:\Program Files\Git\cmd;C:\Users\Office\AppData\Local\Microsoft\WindowsApps;E:\Khaleel\xampp\php;C:\Users\Office\AppData\Local\Programs\Microsoft VS Code\bin;C:\Users\Office\composer;C:\Users\Office\AppData\Roaming\Composer\vendor\bin;C:\Users\Office\AppData\Roaming\npm;C:\Program Files\Git\usr\bin\vendor_perl;C:\Program Files\Git\usr\bin\core_perl

Yarn version: 
  1.22.19

Node version: 
  16.17.0

Platform: 
  win32 x64

Trace: 
  Error: https://registry.yarnpkg.com/rxjs/-/rxjs-5.5.12.tgz: ESOCKETTIMEDOUT
      at ClientRequest.<anonymous> (C:\Users\Office\AppData\Roaming\npm\node_modules\yarn\lib\cli.js:141517:19)
      at Object.onceWrapper (node:events:627:28)
      at ClientRequest.emit (node:events:513:28)
      at TLSSocket.emitRequestTimeout (node:_http_client:814:9)
      at Object.onceWrapper (node:events:627:28)
      at TLSSocket.emit (node:events:525:35)
      at TLSSocket.Socket._onTimeout (node:net:526:8)
      at listOnTimeout (node:internal/timers:559:17)
      at processTimers (node:internal/timers:502:7)

npm manifest: 
  {
    "name": "kimonodejs",
    "version": "1.0.0",
    "main": "api.js",
    "scripts": {
      "test": "echo \"Error: no test specified\" && exit 1",
      "start": "node server.js",
      "dev": "node server.js"
    },
    "dependencies": {
      "body-parser": "~1.0.1",
      "cors": "^2.8.5",
      "dotenv": "^16.0.0",
      "express": "~4.0.0",
      "express-fileupload": "^1.3.1",
      "fs": "^0.0.1-security",
      "got": "^12.0.1",
      "helmet": "^5.0.2",
      "http": "^0.0.1-security",
      "http-proxy-middleware": "^2.0.4",
      "morgan": "^1.10.0",
      "mssql": "^8.0.1",
      "multer": "^1.4.2",
      "nocache": "^3.0.3",
      "nodemailer": "^6.7.5",
      "nodemailer-smtp-transport": "^2.7.4",
      "tedious": "^14.2.0",
      "url": "^0.11.0"
    },
    "devDependencies": {
      "browser-sync": "^2.27.7",
      "nodemon": "^2.0.4"
    },
    "keywords": [],
    "author": "Zeus-Dashboard <zeusdashboard2022@gmail.com>",
    "license": "ISC",
    "description": ""
  }

yarn manifest: 
  No manifest

Lockfile: 
  No lockfile
